<?xml version="1.0" encoding="UTF-8"?>
<!-- Generated by org.testng.reporters.JUnitReportReporter -->
<testsuite hostname="LAPTOP-MHUDEV9K" failures="0" tests="3" name="LumaStore.testCases.TC05_ProductPageTest" time="12.755" errors="0" timestamp="2024-06-21T06:45:28 IST" skipped="0">
  <testcase classname="LumaStore.testCases.TC05_ProductPageTest" name="verifyProduct" time="8.474">
    <system-out>
      <![CDATA[Beaumont Summit Kit]]>
    </system-out>
  </testcase> <!-- verifyProduct -->
  <testcase classname="LumaStore.testCases.TC05_ProductPageTest" name="verifyCheckout" time="1.870"/>
  <testcase classname="LumaStore.testCases.TC05_ProductPageTest" name="veriyAddtoCart" time="2.411"/>
  <system-out>
    <![CDATA[Beaumont Summit Kit]]>
  </system-out>
</testsuite> <!-- LumaStore.testCases.TC05_ProductPageTest -->
