<?xml version="1.0" encoding="UTF-8"?>
<!-- Generated by org.testng.reporters.JUnitReportReporter -->
<testsuite hostname="LAPTOP-MHUDEV9K" failures="0" tests="1" name="LumaStore.testCases.TC03_HomePageTest" time="0.106" errors="0" timestamp="2024-06-21T06:45:28 IST" skipped="0">
  <testcase classname="LumaStore.testCases.TC03_HomePageTest" name="verifyProductList" time="0.106"/>
  <system-out>
    <![CDATA[Beaumont Summit Kit]]>
  </system-out>
</testsuite> <!-- LumaStore.testCases.TC03_HomePageTest -->
