<?xml version="1.0" encoding="UTF-8"?>
<!-- Generated by org.testng.reporters.JUnitReportReporter -->
<testsuite hostname="LAPTOP-MHUDEV9K" failures="0" tests="3" name="LumaStore.testCases.TC08_CheckoutPageTest" time="6.363" errors="0" timestamp="2024-06-21T06:45:28 IST" skipped="0">
  <testcase classname="LumaStore.testCases.TC08_CheckoutPageTest" name="verifyOrderPurchase" time="4.447"/>
  <testcase classname="LumaStore.testCases.TC08_CheckoutPageTest" name="verifyTotalPrice" time="0.093"/>
  <testcase classname="LumaStore.testCases.TC08_CheckoutPageTest" name="verifyOrderNum" time="1.823"/>
  <system-out>
    <![CDATA[Beaumont Summit Kit]]>
  </system-out>
</testsuite> <!-- LumaStore.testCases.TC08_CheckoutPageTest -->
