<?xml version="1.0" encoding="UTF-8"?>
<!-- Generated by org.testng.reporters.JUnitReportReporter -->
<testsuite hostname="LAPTOP-MHUDEV9K" failures="0" tests="1" name="LumaStore.testCases.TC04_ShoppingPageTest" time="2.969" errors="0" timestamp="2024-06-21T06:45:28 IST" skipped="0">
  <testcase classname="LumaStore.testCases.TC04_ShoppingPageTest" name="verifyProdCategory" time="2.969"/>
  <system-out>
    <![CDATA[Beaumont Summit Kit]]>
  </system-out>
</testsuite> <!-- LumaStore.testCases.TC04_ShoppingPageTest -->
