<?xml version="1.0" encoding="UTF-8"?>
<!-- Generated by org.testng.reporters.JUnitReportReporter -->
<testsuite hostname="LAPTOP-MHUDEV9K" failures="0" tests="1" name="testCases.BaseClass" time="13.534" errors="0" timestamp="2023-05-27T16:41:35 IST" skipped="0">
  <testcase classname="testCases.BaseClass" name="setup" time="13.534"/>
  <system-out/>
</testsuite> <!-- testCases.BaseClass -->
