<?xml version="1.0" encoding="UTF-8"?>
<!-- Generated by org.testng.reporters.JUnitReportReporter -->
<testsuite hostname="LAPTOP-MHUDEV9K" failures="0" tests="1" name="LumaStore.testCases.TC01_IndexPageTest" time="5.717" errors="0" timestamp="2024-07-03T07:56:18 IST" skipped="0">
  <testcase classname="LumaStore.testCases.TC01_IndexPageTest" name="verifyIndexPage" time="5.717"/>
</testsuite> <!-- LumaStore.testCases.TC01_IndexPageTest -->
