<?xml version="1.0" encoding="UTF-8"?>
<!-- Generated by org.testng.reporters.JUnitReportReporter -->
<testsuite hostname="LAPTOP-MHUDEV9K" failures="0" tests="1" name="LumaStore.testCases.IndexPageTest" time="0.088" errors="0" timestamp="2024-05-24T08:13:51 IST" skipped="0">
  <testcase classname="LumaStore.testCases.IndexPageTest" name="verifyHomePage" time="0.088"/>
  <system-out/>
</testsuite> <!-- LumaStore.testCases.IndexPageTest -->
