<?xml version="1.0" encoding="UTF-8"?>
<!-- Generated by org.testng.reporters.JUnitReportReporter -->
<testsuite hostname="LAPTOP-MHUDEV9K" failures="0" tests="1" name="LumaStore.testCases.TC01_IndexPageTest" time="0.116" errors="0" timestamp="2024-06-08T17:44:59 IST" skipped="0">
  <testcase classname="LumaStore.testCases.TC01_IndexPageTest" name="verifyIndexPage" time="0.116"/>
</testsuite> <!-- LumaStore.testCases.TC01_IndexPageTest -->
